{
  "stats": {
    "suites": 15,
    "tests": 23,
    "passes": 19,
    "pending": 0,
    "failures": 4,
    "start": "2025-10-29T23:21:46.918Z",
    "end": "2025-10-29T23:23:30.817Z",
    "duration": 103899,
    "testsRegistered": 23,
    "passPercent": 82.6086956521739,
    "pendingPercent": 0,
    "other": 0,
    "hasOther": false,
    "skipped": 0,
    "hasSkipped": false
  },
  "results": [
    {
      "uuid": "14a57740-2b1b-4e55-9fe5-c5d61b526252",
      "title": "",
      "fullFile": "",
      "file": "",
      "beforeHooks": [],
      "afterHooks": [],
      "tests": [],
      "suites": [
        {
          "uuid": "dfaf0cbe-63e9-4347-888d-2a43e4641aea",
          "title": "E2E: Autenticación",
          "fullFile": "C:\\Users\\Usuario\\Downloads\\Alquiler_Autos1\\e2e\\tests\\01_auth.test.js",
          "file": "\\e2e\\tests\\01_auth.test.js",
          "beforeHooks": [
            {
              "title": "\"before all\" hook in \"E2E: Autenticación\"",
              "fullTitle": "E2E: Autenticación \"before all\" hook in \"E2E: Autenticación\"",
              "timedOut": false,
              "duration": 2103,
              "state": null,
              "speed": null,
              "pass": false,
              "fail": false,
              "pending": false,
              "context": null,
              "code": "driver = await buildDriver(true);",
              "err": {},
              "uuid": "687c7b9f-210e-4ec4-983f-a22a223b27ac",
              "parentUUID": "dfaf0cbe-63e9-4347-888d-2a43e4641aea",
              "isHook": true,
              "skipped": false
            }
          ],
          "afterHooks": [
            {
              "title": "\"after all\" hook in \"E2E: Autenticación\"",
              "fullTitle": "E2E: Autenticación \"after all\" hook in \"E2E: Autenticación\"",
              "timedOut": false,
              "duration": 76,
              "state": null,
              "speed": null,
              "pass": false,
              "fail": false,
              "pending": false,
              "context": null,
              "code": "if (driver) {\n  await driver.quit();\n}",
              "err": {},
              "uuid": "2898a4d0-61ec-4558-b9d2-ee7fbfb3bea8",
              "parentUUID": "dfaf0cbe-63e9-4347-888d-2a43e4641aea",
              "isHook": true,
              "skipped": false
            }
          ],
          "tests": [
            {
              "title": "Registra usuario si no existe y luego inicia sesión",
              "fullTitle": "E2E: Autenticación Registra usuario si no existe y luego inicia sesión",
              "timedOut": false,
              "duration": 17198,
              "state": "failed",
              "speed": null,
              "pass": false,
              "fail": true,
              "pending": false,
              "context": null,
              "code": "// Intentar registro\nawait driver.get(`${BASE}/signup`);\nawait typeById(driver, 'username', user.username);\nawait typeById(driver, 'email', user.email);\nawait typeById(driver, 'password', user.password);\nawait typeById(driver, 'confirmPassword', user.password);\n// enviar formulario\nawait clickByCss(driver, 'form button');\n// navegar a signin directamente (registro puede existir ya)\nawait driver.get(`${BASE}/signin`);\nawait typeById(driver, 'email', user.email);\nawait typeById(driver, 'password', user.password);\nawait clickByCss(driver, 'form button');\n// esperar navegación al home\nawait waitForUrl(driver, '/');\n// assert: aparece sección de reserva\nconst h2Text = await getText(driver, 'section#booking-section h2');\nexpect(h2Text.toLowerCase()).to.include('reservar');\nawait screenshot(driver, './e2e/.artifacts/auth.png');",
              "err": {
                "message": "TimeoutError: Waiting for element to be located By(css selector, section#booking-section h2)\nWait timed out after 10089ms",
                "estack": "TimeoutError: Waiting for element to be located By(css selector, section#booking-section h2)\nWait timed out after 10089ms\n    at C:\\Users\\Usuario\\Downloads\\Alquiler_Autos1\\node_modules\\selenium-webdriver\\lib\\webdriver.js:929:22\n    at process.processTicksAndRejections (node:internal/process/task_queues:105:5)",
                "diff": null
              },
              "uuid": "8e8764b2-f6d5-4683-9fcc-350ff0ef021e",
              "parentUUID": "dfaf0cbe-63e9-4347-888d-2a43e4641aea",
              "isHook": false,
              "skipped": false
            }
          ],
          "suites": [],
          "passes": [],
          "failures": [
            "8e8764b2-f6d5-4683-9fcc-350ff0ef021e"
          ],
          "pending": [],
          "skipped": [],
          "duration": 17198,
          "root": false,
          "rootEmpty": false,
          "_timeout": 120000
        },
        {
          "uuid": "55bae52b-7b2d-4cb9-877f-19f7add14e44",
          "title": "E2E: Buscar vehículo",
          "fullFile": "C:\\Users\\Usuario\\Downloads\\Alquiler_Autos1\\e2e\\tests\\02_search.test.js",
          "file": "\\e2e\\tests\\02_search.test.js",
          "beforeHooks": [
            {
              "title": "\"before all\" hook in \"E2E: Buscar vehículo\"",
              "fullTitle": "E2E: Buscar vehículo \"before all\" hook in \"E2E: Buscar vehículo\"",
              "timedOut": false,
              "duration": 797,
              "state": null,
              "speed": null,
              "pass": false,
              "fail": false,
              "pending": false,
              "context": null,
              "code": "driver = await buildDriver(true);",
              "err": {},
              "uuid": "f78d901a-a03e-4aed-add5-6448e83cf65b",
              "parentUUID": "55bae52b-7b2d-4cb9-877f-19f7add14e44",
              "isHook": true,
              "skipped": false
            }
          ],
          "afterHooks": [
            {
              "title": "\"after all\" hook in \"E2E: Buscar vehículo\"",
              "fullTitle": "E2E: Buscar vehículo \"after all\" hook in \"E2E: Buscar vehículo\"",
              "timedOut": false,
              "duration": 45,
              "state": null,
              "speed": null,
              "pass": false,
              "fail": false,
              "pending": false,
              "context": null,
              "code": "if (driver) await driver.quit();",
              "err": {},
              "uuid": "712952e4-f064-4405-b6f4-ce30f6fa46c6",
              "parentUUID": "55bae52b-7b2d-4cb9-877f-19f7add14e44",
              "isHook": true,
              "skipped": false
            }
          ],
          "tests": [
            {
              "title": "Completa campos y envía búsqueda",
              "fullTitle": "E2E: Buscar vehículo Completa campos y envía búsqueda",
              "timedOut": false,
              "duration": 14432,
              "state": "failed",
              "speed": null,
              "pass": false,
              "fail": true,
              "pending": false,
              "context": null,
              "code": "await driver.get(`${BASE}/`);\n// Rellenar campos de texto\nawait typeById(driver, 'pickup_district', 'Madrid');\nawait typeById(driver, 'pickup_location', 'Centro : Puerta del Sol');\nawait typeById(driver, 'dropoff_location', 'Retiro : Parque del Retiro');\n// Intentar escribir en los DateTimePickers por placeholder\nconst pickupInput = await driver.findElement(By.css('input[placeholder=\"Hora de recogida\"]'));\nawait pickupInput.clear();\nawait pickupInput.sendKeys('2025-01-01 10:00');\nconst dropInput = await driver.findElement(By.css('input[placeholder=\"Hora de devolución\"]'));\nawait dropInput.clear();\nawait dropInput.sendKeys('2025-01-02 10:00');\n// Enviar búsqueda\nawait clickByCss(driver, 'button.book-content__box_button');\n// La app navega a /availableVehicles tras búsqueda válida\nawait waitForUrl(driver, '/availableVehicles');\n// Verificar que la página de resultados cargó (encabezado o tarjetas)\nconst heading = await getText(driver, 'h1, h2, h3');\nexpect(heading).to.be.a('string');\nawait screenshot(driver, './e2e/.artifacts/search.png');",
              "err": {
                "message": "TimeoutError: Waiting for element to be located By(css selector, *[id=\"pickup_district\"])\nWait timed out after 10046ms",
                "estack": "TimeoutError: Waiting for element to be located By(css selector, *[id=\"pickup_district\"])\nWait timed out after 10046ms\n    at C:\\Users\\Usuario\\Downloads\\Alquiler_Autos1\\node_modules\\selenium-webdriver\\lib\\webdriver.js:929:22\n    at process.processTicksAndRejections (node:internal/process/task_queues:105:5)",
                "diff": null
              },
              "uuid": "9ea65eed-8741-4ad5-9f29-be53f7de354e",
              "parentUUID": "55bae52b-7b2d-4cb9-877f-19f7add14e44",
              "isHook": false,
              "skipped": false
            }
          ],
          "suites": [],
          "passes": [],
          "failures": [
            "9ea65eed-8741-4ad5-9f29-be53f7de354e"
          ],
          "pending": [],
          "skipped": [],
          "duration": 14432,
          "root": false,
          "rootEmpty": false,
          "_timeout": 120000
        },
        {
          "uuid": "15c7f05d-04d0-429f-a736-76391a0e6cad",
          "title": "E2E: Reservar vehículo",
          "fullFile": "C:\\Users\\Usuario\\Downloads\\Alquiler_Autos1\\e2e\\tests\\03_reservation.test.js",
          "file": "\\e2e\\tests\\03_reservation.test.js",
          "beforeHooks": [
            {
              "title": "\"before all\" hook in \"E2E: Reservar vehículo\"",
              "fullTitle": "E2E: Reservar vehículo \"before all\" hook in \"E2E: Reservar vehículo\"",
              "timedOut": false,
              "duration": 601,
              "state": null,
              "speed": null,
              "pass": false,
              "fail": false,
              "pending": false,
              "context": null,
              "code": "driver = await buildDriver(true);",
              "err": {},
              "uuid": "c7fdf82b-bafc-4a38-a02c-41f3c830ea4c",
              "parentUUID": "15c7f05d-04d0-429f-a736-76391a0e6cad",
              "isHook": true,
              "skipped": false
            }
          ],
          "afterHooks": [
            {
              "title": "\"after all\" hook in \"E2E: Reservar vehículo\"",
              "fullTitle": "E2E: Reservar vehículo \"after all\" hook in \"E2E: Reservar vehículo\"",
              "timedOut": false,
              "duration": 76,
              "state": null,
              "speed": null,
              "pass": false,
              "fail": false,
              "pending": false,
              "context": null,
              "code": "if (driver) await driver.quit();",
              "err": {},
              "uuid": "0d0c1658-e885-4b42-bcb0-3b7369d8ebad",
              "parentUUID": "15c7f05d-04d0-429f-a736-76391a0e6cad",
              "isHook": true,
              "skipped": false
            }
          ],
          "tests": [
            {
              "title": "Navega a vehículos, elige uno y llega a Checkout",
              "fullTitle": "E2E: Reservar vehículo Navega a vehículos, elige uno y llega a Checkout",
              "timedOut": false,
              "duration": 16684,
              "state": "failed",
              "speed": null,
              "pass": false,
              "fail": true,
              "pending": false,
              "context": null,
              "code": "await driver.get(`${BASE}/vehicles`);\n// Esperar que aparezca el botón \"Reservar Auto\" y hacer click\nawait clickByCss(driver, 'button'); // primer botón en la tarjeta\n// muchas tarjetas tienen dos botones; asegurarnos de llegar a checkout\nawait waitForUrl(driver, '/checkoutPage');\nconst title = await getText(driver, 'h1');\nexpect(title).to.include('Resumen del Pedido');\nawait screenshot(driver, './e2e/.artifacts/checkout.png');",
              "err": {
                "message": "TimeoutError: Wait timed out after 15006ms",
                "estack": "TimeoutError: Wait timed out after 15006ms\n    at C:\\Users\\Usuario\\Downloads\\Alquiler_Autos1\\node_modules\\selenium-webdriver\\lib\\webdriver.js:929:22\n    at process.processTicksAndRejections (node:internal/process/task_queues:105:5)",
                "diff": null
              },
              "uuid": "9514f461-ab88-4439-a9a8-7f57041fb140",
              "parentUUID": "15c7f05d-04d0-429f-a736-76391a0e6cad",
              "isHook": false,
              "skipped": false
            }
          ],
          "suites": [],
          "passes": [],
          "failures": [
            "9514f461-ab88-4439-a9a8-7f57041fb140"
          ],
          "pending": [],
          "skipped": [],
          "duration": 16684,
          "root": false,
          "rootEmpty": false,
          "_timeout": 120000
        },
        {
          "uuid": "e0997589-d6f5-4788-bf93-fcf7f07e889b",
          "title": "E2E: Home navegación básica",
          "fullFile": "C:\\Users\\Usuario\\Downloads\\Alquiler_Autos1\\e2e\\tests\\04_home_navigation.test.js",
          "file": "\\e2e\\tests\\04_home_navigation.test.js",
          "beforeHooks": [
            {
              "title": "\"before all\" hook in \"E2E: Home navegación básica\"",
              "fullTitle": "E2E: Home navegación básica \"before all\" hook in \"E2E: Home navegación básica\"",
              "timedOut": false,
              "duration": 723,
              "state": null,
              "speed": null,
              "pass": false,
              "fail": false,
              "pending": false,
              "context": null,
              "code": "driver = await buildDriver(true);",
              "err": {},
              "uuid": "00594656-7f3c-4d10-a4ab-ec1409db961a",
              "parentUUID": "e0997589-d6f5-4788-bf93-fcf7f07e889b",
              "isHook": true,
              "skipped": false
            }
          ],
          "afterHooks": [
            {
              "title": "\"after all\" hook in \"E2E: Home navegación básica\"",
              "fullTitle": "E2E: Home navegación básica \"after all\" hook in \"E2E: Home navegación básica\"",
              "timedOut": false,
              "duration": 78,
              "state": null,
              "speed": null,
              "pass": false,
              "fail": false,
              "pending": false,
              "context": null,
              "code": "if (driver) await driver.quit();",
              "err": {},
              "uuid": "8bacc5fb-e931-47aa-a854-1fb3aebe297f",
              "parentUUID": "e0997589-d6f5-4788-bf93-fcf7f07e889b",
              "isHook": true,
              "skipped": false
            }
          ],
          "tests": [
            {
              "title": "Carga Home y navega a /vehicles",
              "fullTitle": "E2E: Home navegación básica Carga Home y navega a /vehicles",
              "timedOut": false,
              "duration": 19079,
              "state": "failed",
              "speed": null,
              "pass": false,
              "fail": true,
              "pending": false,
              "context": null,
              "code": "await driver.get(`${BASE}/`);\n// Botón \"Ver Vehículos Disponibles\" navega a /vehicles\nawait clickByCss(driver, 'button');\nawait waitForUrl(driver, '/vehicles');\nconst anyHeading = await getText(driver, 'h1, h2, h3');\nexpect(anyHeading).to.be.a('string');\nawait screenshot(driver, './e2e/.artifacts/home_nav.png');",
              "err": {
                "message": "TimeoutError: Wait timed out after 15207ms",
                "estack": "TimeoutError: Wait timed out after 15207ms\n    at C:\\Users\\Usuario\\Downloads\\Alquiler_Autos1\\node_modules\\selenium-webdriver\\lib\\webdriver.js:929:22\n    at process.processTicksAndRejections (node:internal/process/task_queues:105:5)",
                "diff": null
              },
              "uuid": "b2f4cdce-dabc-4c3c-98cc-bf1961cdb746",
              "parentUUID": "e0997589-d6f5-4788-bf93-fcf7f07e889b",
              "isHook": false,
              "skipped": false
            }
          ],
          "suites": [],
          "passes": [],
          "failures": [
            "b2f4cdce-dabc-4c3c-98cc-bf1961cdb746"
          ],
          "pending": [],
          "skipped": [],
          "duration": 19079,
          "root": false,
          "rootEmpty": false,
          "_timeout": 120000
        },
        {
          "uuid": "48373672-5fa9-4d84-97a9-6720c1243d9f",
          "title": "E2E: SignIn - elementos y navegación",
          "fullFile": "C:\\Users\\Usuario\\Downloads\\Alquiler_Autos1\\e2e\\tests\\05_signin_page.test.js",
          "file": "\\e2e\\tests\\05_signin_page.test.js",
          "beforeHooks": [
            {
              "title": "\"before all\" hook in \"E2E: SignIn - elementos y navegación\"",
              "fullTitle": "E2E: SignIn - elementos y navegación \"before all\" hook in \"E2E: SignIn - elementos y navegación\"",
              "timedOut": false,
              "duration": 641,
              "state": null,
              "speed": null,
              "pass": false,
              "fail": false,
              "pending": false,
              "context": null,
              "code": "driver = await buildDriver(true);",
              "err": {},
              "uuid": "b2886dd9-e8f5-47ce-8ac3-42e25125cc75",
              "parentUUID": "48373672-5fa9-4d84-97a9-6720c1243d9f",
              "isHook": true,
              "skipped": false
            }
          ],
          "afterHooks": [
            {
              "title": "\"after all\" hook in \"E2E: SignIn - elementos y navegación\"",
              "fullTitle": "E2E: SignIn - elementos y navegación \"after all\" hook in \"E2E: SignIn - elementos y navegación\"",
              "timedOut": false,
              "duration": 68,
              "state": null,
              "speed": null,
              "pass": false,
              "fail": false,
              "pending": false,
              "context": null,
              "code": "if (driver) await driver.quit();",
              "err": {},
              "uuid": "3413b20c-54d7-4f95-93ea-d83f331b16ea",
              "parentUUID": "48373672-5fa9-4d84-97a9-6720c1243d9f",
              "isHook": true,
              "skipped": false
            }
          ],
          "tests": [
            {
              "title": "Carga /signin y muestra inputs email y password",
              "fullTitle": "E2E: SignIn - elementos y navegación Carga /signin y muestra inputs email y password",
              "timedOut": false,
              "duration": 1995,
              "state": "passed",
              "speed": "slow",
              "pass": true,
              "fail": false,
              "pending": false,
              "context": null,
              "code": "await driver.get(`${BASE}/signin`);\nconst email = await waitForVisible(driver, By.id('email'));\nconst password = await waitForVisible(driver, By.id('password'));\nexpect(await email.isDisplayed()).to.equal(true);\nexpect(await password.isDisplayed()).to.equal(true);",
              "err": {},
              "uuid": "4d50bf5d-32a4-493c-8ec4-00527c17a975",
              "parentUUID": "48373672-5fa9-4d84-97a9-6720c1243d9f",
              "isHook": false,
              "skipped": false
            },
            {
              "title": "Tiene link para ir a /signup",
              "fullTitle": "E2E: SignIn - elementos y navegación Tiene link para ir a /signup",
              "timedOut": false,
              "duration": 20,
              "state": "passed",
              "speed": "fast",
              "pass": true,
              "fail": false,
              "pending": false,
              "context": null,
              "code": "const signupLink = await waitForVisible(driver, By.linkText('Registrarse'));\nexpect(await signupLink.isDisplayed()).to.equal(true);",
              "err": {},
              "uuid": "f6894578-1c30-4ead-81f2-c56d08701ff0",
              "parentUUID": "48373672-5fa9-4d84-97a9-6720c1243d9f",
              "isHook": false,
              "skipped": false
            }
          ],
          "suites": [],
          "passes": [
            "4d50bf5d-32a4-493c-8ec4-00527c17a975",
            "f6894578-1c30-4ead-81f2-c56d08701ff0"
          ],
          "failures": [],
          "pending": [],
          "skipped": [],
          "duration": 2015,
          "root": false,
          "rootEmpty": false,
          "_timeout": 120000
        },
        {
          "uuid": "85d23c93-4e3e-4e75-86d3-f149da2abe1f",
          "title": "E2E: SignUp flujo básico",
          "fullFile": "C:\\Users\\Usuario\\Downloads\\Alquiler_Autos1\\e2e\\tests\\06_signup_flow.test.js",
          "file": "\\e2e\\tests\\06_signup_flow.test.js",
          "beforeHooks": [
            {
              "title": "\"before all\" hook in \"E2E: SignUp flujo básico\"",
              "fullTitle": "E2E: SignUp flujo básico \"before all\" hook in \"E2E: SignUp flujo básico\"",
              "timedOut": false,
              "duration": 779,
              "state": null,
              "speed": null,
              "pass": false,
              "fail": false,
              "pending": false,
              "context": null,
              "code": "driver = await buildDriver(true);",
              "err": {},
              "uuid": "6292c7df-d5b1-497d-98e1-e81bca180181",
              "parentUUID": "85d23c93-4e3e-4e75-86d3-f149da2abe1f",
              "isHook": true,
              "skipped": false
            }
          ],
          "afterHooks": [
            {
              "title": "\"after all\" hook in \"E2E: SignUp flujo básico\"",
              "fullTitle": "E2E: SignUp flujo básico \"after all\" hook in \"E2E: SignUp flujo básico\"",
              "timedOut": false,
              "duration": 64,
              "state": null,
              "speed": null,
              "pass": false,
              "fail": false,
              "pending": false,
              "context": null,
              "code": "if (driver) await driver.quit();",
              "err": {},
              "uuid": "0c615040-716f-45f2-9680-89ecbb49cc31",
              "parentUUID": "85d23c93-4e3e-4e75-86d3-f149da2abe1f",
              "isHook": true,
              "skipped": false
            }
          ],
          "tests": [
            {
              "title": "Completa formulario y navega a /signin en éxito (o muestra error si ya existe)",
              "fullTitle": "E2E: SignUp flujo básico Completa formulario y navega a /signin en éxito (o muestra error si ya existe)",
              "timedOut": false,
              "duration": 10002,
              "state": "passed",
              "speed": "slow",
              "pass": true,
              "fail": false,
              "pending": false,
              "context": null,
              "code": "await driver.get(`${BASE}/signup`);\nawait typeById(driver, 'username', user.username);\nawait typeById(driver, 'email', user.email);\nawait typeById(driver, 'password', user.password);\nawait typeById(driver, 'confirmPassword', user.password);\nawait clickByCss(driver, 'form button');\n// En muchos casos, el usuario ya existe; intentamos navegar a /signin en éxito\ntry {\n  await waitForUrl(driver, '/signin', 8000);\n} catch (_) {\n  // Si no redirige, continúa sin fallo (usuario duplicado es aceptable para E2E)\n}\nawait screenshot(driver, './e2e/.artifacts/signup_flow.png');",
              "err": {},
              "uuid": "968f8f9c-48af-48b6-a7d8-89a3a9893b6b",
              "parentUUID": "85d23c93-4e3e-4e75-86d3-f149da2abe1f",
              "isHook": false,
              "skipped": false
            }
          ],
          "suites": [],
          "passes": [
            "968f8f9c-48af-48b6-a7d8-89a3a9893b6b"
          ],
          "failures": [],
          "pending": [],
          "skipped": [],
          "duration": 10002,
          "root": false,
          "rootEmpty": false,
          "_timeout": 120000
        },
        {
          "uuid": "3d46f5a2-c337-462f-934f-d08f37926afb",
          "title": "E2E: Guardas de ruta - usuario",
          "fullFile": "C:\\Users\\Usuario\\Downloads\\Alquiler_Autos1\\e2e\\tests\\07_route_guard_user_private.test.js",
          "file": "\\e2e\\tests\\07_route_guard_user_private.test.js",
          "beforeHooks": [
            {
              "title": "\"before all\" hook in \"E2E: Guardas de ruta - usuario\"",
              "fullTitle": "E2E: Guardas de ruta - usuario \"before all\" hook in \"E2E: Guardas de ruta - usuario\"",
              "timedOut": false,
              "duration": 668,
              "state": null,
              "speed": null,
              "pass": false,
              "fail": false,
              "pending": false,
              "context": null,
              "code": "driver = await buildDriver(true);",
              "err": {},
              "uuid": "a543b588-0ab8-4991-b88e-62a71105ddcc",
              "parentUUID": "3d46f5a2-c337-462f-934f-d08f37926afb",
              "isHook": true,
              "skipped": false
            }
          ],
          "afterHooks": [
            {
              "title": "\"after all\" hook in \"E2E: Guardas de ruta - usuario\"",
              "fullTitle": "E2E: Guardas de ruta - usuario \"after all\" hook in \"E2E: Guardas de ruta - usuario\"",
              "timedOut": false,
              "duration": 78,
              "state": null,
              "speed": null,
              "pass": false,
              "fail": false,
              "pending": false,
              "context": null,
              "code": "if (driver) await driver.quit();",
              "err": {},
              "uuid": "0b906151-8ca0-4e9e-a77d-481146cb8633",
              "parentUUID": "3d46f5a2-c337-462f-934f-d08f37926afb",
              "isHook": true,
              "skipped": false
            }
          ],
          "tests": [
            {
              "title": "Redirige a /signin si no autenticado al visitar /checkoutPage",
              "fullTitle": "E2E: Guardas de ruta - usuario Redirige a /signin si no autenticado al visitar /checkoutPage",
              "timedOut": false,
              "duration": 1567,
              "state": "passed",
              "speed": "slow",
              "pass": true,
              "fail": false,
              "pending": false,
              "context": null,
              "code": "await driver.get(`${BASE}/checkoutPage`);\nawait waitForUrl(driver, '/signin');",
              "err": {},
              "uuid": "5045f051-31c3-4a6b-8230-b84835c58682",
              "parentUUID": "3d46f5a2-c337-462f-934f-d08f37926afb",
              "isHook": false,
              "skipped": false
            },
            {
              "title": "Redirige a /signin si no autenticado al visitar /profile",
              "fullTitle": "E2E: Guardas de ruta - usuario Redirige a /signin si no autenticado al visitar /profile",
              "timedOut": false,
              "duration": 536,
              "state": "passed",
              "speed": "slow",
              "pass": true,
              "fail": false,
              "pending": false,
              "context": null,
              "code": "await driver.get(`${BASE}/profile`);\nawait waitForUrl(driver, '/signin');",
              "err": {},
              "uuid": "341cacec-2521-482c-baf5-0458098b54f3",
              "parentUUID": "3d46f5a2-c337-462f-934f-d08f37926afb",
              "isHook": false,
              "skipped": false
            }
          ],
          "suites": [],
          "passes": [
            "5045f051-31c3-4a6b-8230-b84835c58682",
            "341cacec-2521-482c-baf5-0458098b54f3"
          ],
          "failures": [],
          "pending": [],
          "skipped": [],
          "duration": 2103,
          "root": false,
          "rootEmpty": false,
          "_timeout": 120000
        },
        {
          "uuid": "3989e708-2f13-438a-b810-46d7bb6d1450",
          "title": "E2E: Páginas públicas (Enterprise/Contact)",
          "fullFile": "C:\\Users\\Usuario\\Downloads\\Alquiler_Autos1\\e2e\\tests\\08_public_pages.test.js",
          "file": "\\e2e\\tests\\08_public_pages.test.js",
          "beforeHooks": [
            {
              "title": "\"before all\" hook in \"E2E: Páginas públicas (Enterprise/Contact)\"",
              "fullTitle": "E2E: Páginas públicas (Enterprise/Contact) \"before all\" hook in \"E2E: Páginas públicas (Enterprise/Contact)\"",
              "timedOut": false,
              "duration": 655,
              "state": null,
              "speed": null,
              "pass": false,
              "fail": false,
              "pending": false,
              "context": null,
              "code": "driver = await buildDriver(true);",
              "err": {},
              "uuid": "62321855-abb9-40ca-8e15-def3d7426ca1",
              "parentUUID": "3989e708-2f13-438a-b810-46d7bb6d1450",
              "isHook": true,
              "skipped": false
            }
          ],
          "afterHooks": [
            {
              "title": "\"after all\" hook in \"E2E: Páginas públicas (Enterprise/Contact)\"",
              "fullTitle": "E2E: Páginas públicas (Enterprise/Contact) \"after all\" hook in \"E2E: Páginas públicas (Enterprise/Contact)\"",
              "timedOut": false,
              "duration": 63,
              "state": null,
              "speed": null,
              "pass": false,
              "fail": false,
              "pending": false,
              "context": null,
              "code": "if (driver) await driver.quit();",
              "err": {},
              "uuid": "07cd4c41-8e57-42e4-ae4c-f67b701b62d7",
              "parentUUID": "3989e708-2f13-438a-b810-46d7bb6d1450",
              "isHook": true,
              "skipped": false
            }
          ],
          "tests": [
            {
              "title": "Abre /enterprise y muestra el título",
              "fullTitle": "E2E: Páginas públicas (Enterprise/Contact) Abre /enterprise y muestra el título",
              "timedOut": false,
              "duration": 1780,
              "state": "passed",
              "speed": "slow",
              "pass": true,
              "fail": false,
              "pending": false,
              "context": null,
              "code": "await driver.get(`${BASE}/enterprise`);\nconst title = await getText(driver, 'h1');\nexpect(title).to.include('Lista tu vehículo');\nawait screenshot(driver, './e2e/.artifacts/enterprise.png');",
              "err": {},
              "uuid": "6e8e08b1-3e83-4471-ac8c-35f47533cc92",
              "parentUUID": "3989e708-2f13-438a-b810-46d7bb6d1450",
              "isHook": false,
              "skipped": false
            },
            {
              "title": "Abre /contact y muestra contenido",
              "fullTitle": "E2E: Páginas públicas (Enterprise/Contact) Abre /contact y muestra contenido",
              "timedOut": false,
              "duration": 1113,
              "state": "passed",
              "speed": "slow",
              "pass": true,
              "fail": false,
              "pending": false,
              "context": null,
              "code": "await driver.get(`${BASE}/contact`);\nconst text = await getText(driver, 'div');\nexpect(text.toLowerCase()).to.include('contacto');\nawait screenshot(driver, './e2e/.artifacts/contact.png');",
              "err": {},
              "uuid": "08705146-7f9f-4867-95fa-523ba39a3b27",
              "parentUUID": "3989e708-2f13-438a-b810-46d7bb6d1450",
              "isHook": false,
              "skipped": false
            }
          ],
          "suites": [],
          "passes": [
            "6e8e08b1-3e83-4471-ac8c-35f47533cc92",
            "08705146-7f9f-4867-95fa-523ba39a3b27"
          ],
          "failures": [],
          "pending": [],
          "skipped": [],
          "duration": 2893,
          "root": false,
          "rootEmpty": false,
          "_timeout": 120000
        },
        {
          "uuid": "849207a0-bb3d-4794-a8f8-e4fb1fad27ae",
          "title": "E2E: Guardas Admin/Vendor y 404",
          "fullFile": "C:\\Users\\Usuario\\Downloads\\Alquiler_Autos1\\e2e\\tests\\09_admin_vendor_guards.test.js",
          "file": "\\e2e\\tests\\09_admin_vendor_guards.test.js",
          "beforeHooks": [
            {
              "title": "\"before all\" hook in \"E2E: Guardas Admin/Vendor y 404\"",
              "fullTitle": "E2E: Guardas Admin/Vendor y 404 \"before all\" hook in \"E2E: Guardas Admin/Vendor y 404\"",
              "timedOut": false,
              "duration": 730,
              "state": null,
              "speed": null,
              "pass": false,
              "fail": false,
              "pending": false,
              "context": null,
              "code": "driver = await buildDriver(true);",
              "err": {},
              "uuid": "3a03f821-59d6-4e4b-9c03-575345f74429",
              "parentUUID": "849207a0-bb3d-4794-a8f8-e4fb1fad27ae",
              "isHook": true,
              "skipped": false
            }
          ],
          "afterHooks": [
            {
              "title": "\"after all\" hook in \"E2E: Guardas Admin/Vendor y 404\"",
              "fullTitle": "E2E: Guardas Admin/Vendor y 404 \"after all\" hook in \"E2E: Guardas Admin/Vendor y 404\"",
              "timedOut": false,
              "duration": 58,
              "state": null,
              "speed": null,
              "pass": false,
              "fail": false,
              "pending": false,
              "context": null,
              "code": "if (driver) await driver.quit();",
              "err": {},
              "uuid": "c4879ce2-ae03-4ec3-8629-c1907bf2caf1",
              "parentUUID": "849207a0-bb3d-4794-a8f8-e4fb1fad27ae",
              "isHook": true,
              "skipped": false
            }
          ],
          "tests": [
            {
              "title": "Redirige a /signin cuando visita /adminDashboard sin autenticación",
              "fullTitle": "E2E: Guardas Admin/Vendor y 404 Redirige a /signin cuando visita /adminDashboard sin autenticación",
              "timedOut": false,
              "duration": 1990,
              "state": "passed",
              "speed": "slow",
              "pass": true,
              "fail": false,
              "pending": false,
              "context": null,
              "code": "await driver.get(`${BASE}/adminDashboard`);\nawait waitForUrl(driver, '/signin');",
              "err": {},
              "uuid": "dc799b07-8c49-4655-b90b-8ffc959c1673",
              "parentUUID": "849207a0-bb3d-4794-a8f8-e4fb1fad27ae",
              "isHook": false,
              "skipped": false
            },
            {
              "title": "Redirige a /vendorSignin cuando visita /vendorDashboard sin autenticación",
              "fullTitle": "E2E: Guardas Admin/Vendor y 404 Redirige a /vendorSignin cuando visita /vendorDashboard sin autenticación",
              "timedOut": false,
              "duration": 1053,
              "state": "passed",
              "speed": "slow",
              "pass": true,
              "fail": false,
              "pending": false,
              "context": null,
              "code": "await driver.get(`${BASE}/vendorDashboard`);\nawait waitForUrl(driver, '/vendorSignin');",
              "err": {},
              "uuid": "96ca5232-9d11-4ce8-aa37-066e337e0eaa",
              "parentUUID": "849207a0-bb3d-4794-a8f8-e4fb1fad27ae",
              "isHook": false,
              "skipped": false
            },
            {
              "title": "Desde /enterprise el enlace a vendorSignin está disponible",
              "fullTitle": "E2E: Guardas Admin/Vendor y 404 Desde /enterprise el enlace a vendorSignin está disponible",
              "timedOut": false,
              "duration": 332,
              "state": "passed",
              "speed": "slow",
              "pass": true,
              "fail": false,
              "pending": false,
              "context": null,
              "code": "await driver.get(`${BASE}/enterprise`);\nconst text = await getText(driver, 'a[href=\"/vendorSignin\"]');\nexpect(text.toLowerCase()).to.include('iniciar sesión como vendedor');",
              "err": {},
              "uuid": "4b3794b0-4494-49c5-9d47-acc4b531415c",
              "parentUUID": "849207a0-bb3d-4794-a8f8-e4fb1fad27ae",
              "isHook": false,
              "skipped": false
            },
            {
              "title": "Visitar una ruta inexistente muestra la página 404",
              "fullTitle": "E2E: Guardas Admin/Vendor y 404 Visitar una ruta inexistente muestra la página 404",
              "timedOut": false,
              "duration": 333,
              "state": "passed",
              "speed": "slow",
              "pass": true,
              "fail": false,
              "pending": false,
              "context": null,
              "code": "await driver.get(`${BASE}/ruta-que-no-existe-123`);\nconst heading = await getText(driver, 'h1');\nexpect(heading).to.match(/uh-oh!/i);\nawait screenshot(driver, './e2e/.artifacts/404.png');",
              "err": {},
              "uuid": "1ddebc2a-c41e-42c7-8067-f250b5b38425",
              "parentUUID": "849207a0-bb3d-4794-a8f8-e4fb1fad27ae",
              "isHook": false,
              "skipped": false
            }
          ],
          "suites": [],
          "passes": [
            "dc799b07-8c49-4655-b90b-8ffc959c1673",
            "96ca5232-9d11-4ce8-aa37-066e337e0eaa",
            "4b3794b0-4494-49c5-9d47-acc4b531415c",
            "1ddebc2a-c41e-42c7-8067-f250b5b38425"
          ],
          "failures": [],
          "pending": [],
          "skipped": [],
          "duration": 3708,
          "root": false,
          "rootEmpty": false,
          "_timeout": 120000
        },
        {
          "uuid": "2e01fe9d-41cd-427e-9f84-a0144e280356",
          "title": "E2E: Enterprise -> Vendor Signin link",
          "fullFile": "C:\\Users\\Usuario\\Downloads\\Alquiler_Autos1\\e2e\\tests\\10_enterprise_vendor_link.test.js",
          "file": "\\e2e\\tests\\10_enterprise_vendor_link.test.js",
          "beforeHooks": [
            {
              "title": "\"before all\" hook in \"E2E: Enterprise -> Vendor Signin link\"",
              "fullTitle": "E2E: Enterprise -> Vendor Signin link \"before all\" hook in \"E2E: Enterprise -> Vendor Signin link\"",
              "timedOut": false,
              "duration": 654,
              "state": null,
              "speed": null,
              "pass": false,
              "fail": false,
              "pending": false,
              "context": null,
              "code": "driver = await buildDriver(true);",
              "err": {},
              "uuid": "38d614f2-a766-4cf0-b43b-6d6ea0376907",
              "parentUUID": "2e01fe9d-41cd-427e-9f84-a0144e280356",
              "isHook": true,
              "skipped": false
            }
          ],
          "afterHooks": [
            {
              "title": "\"after all\" hook in \"E2E: Enterprise -> Vendor Signin link\"",
              "fullTitle": "E2E: Enterprise -> Vendor Signin link \"after all\" hook in \"E2E: Enterprise -> Vendor Signin link\"",
              "timedOut": false,
              "duration": 41,
              "state": null,
              "speed": null,
              "pass": false,
              "fail": false,
              "pending": false,
              "context": null,
              "code": "if (driver) await driver.quit();",
              "err": {},
              "uuid": "d0b914e0-e07e-48c4-abd4-55be0716c4c6",
              "parentUUID": "2e01fe9d-41cd-427e-9f84-a0144e280356",
              "isHook": true,
              "skipped": false
            }
          ],
          "tests": [
            {
              "title": "Hace click en el enlace de vendor y navega a /vendorSignin",
              "fullTitle": "E2E: Enterprise -> Vendor Signin link Hace click en el enlace de vendor y navega a /vendorSignin",
              "timedOut": false,
              "duration": 1931,
              "state": "passed",
              "speed": "slow",
              "pass": true,
              "fail": false,
              "pending": false,
              "context": null,
              "code": "await driver.get(`${BASE}/enterprise`);\nawait clickByCss(driver, 'a[href=\"/vendorSignin\"]');\nawait waitForUrl(driver, '/vendorSignin');\nconst heading = await getText(driver, 'h1');\nexpect(heading.toLowerCase()).to.include('iniciar sesión');\nawait screenshot(driver, './e2e/.artifacts/vendor_link.png');",
              "err": {},
              "uuid": "afb5e52b-34e5-46c4-b549-7640eed29bc7",
              "parentUUID": "2e01fe9d-41cd-427e-9f84-a0144e280356",
              "isHook": false,
              "skipped": false
            }
          ],
          "suites": [],
          "passes": [
            "afb5e52b-34e5-46c4-b549-7640eed29bc7"
          ],
          "failures": [],
          "pending": [],
          "skipped": [],
          "duration": 1931,
          "root": false,
          "rootEmpty": false,
          "_timeout": 120000
        },
        {
          "uuid": "6909ac5a-ebf2-498a-b8b7-8a3a787296d3",
          "title": "E2E: Guard - /availableVehicles requiere autenticación",
          "fullFile": "C:\\Users\\Usuario\\Downloads\\Alquiler_Autos1\\e2e\\tests\\11_available_vehicles_guard.test.js",
          "file": "\\e2e\\tests\\11_available_vehicles_guard.test.js",
          "beforeHooks": [
            {
              "title": "\"before all\" hook in \"E2E: Guard - /availableVehicles requiere autenticación\"",
              "fullTitle": "E2E: Guard - /availableVehicles requiere autenticación \"before all\" hook in \"E2E: Guard - /availableVehicles requiere autenticación\"",
              "timedOut": false,
              "duration": 653,
              "state": null,
              "speed": null,
              "pass": false,
              "fail": false,
              "pending": false,
              "context": null,
              "code": "driver = await buildDriver(true);",
              "err": {},
              "uuid": "2d91ed29-5582-4fe3-ac6a-620999fe5219",
              "parentUUID": "6909ac5a-ebf2-498a-b8b7-8a3a787296d3",
              "isHook": true,
              "skipped": false
            }
          ],
          "afterHooks": [
            {
              "title": "\"after all\" hook in \"E2E: Guard - /availableVehicles requiere autenticación\"",
              "fullTitle": "E2E: Guard - /availableVehicles requiere autenticación \"after all\" hook in \"E2E: Guard - /availableVehicles requiere autenticación\"",
              "timedOut": false,
              "duration": 58,
              "state": null,
              "speed": null,
              "pass": false,
              "fail": false,
              "pending": false,
              "context": null,
              "code": "if (driver) await driver.quit();",
              "err": {},
              "uuid": "518fd995-fd5a-4cc0-934c-2af357f55f0f",
              "parentUUID": "6909ac5a-ebf2-498a-b8b7-8a3a787296d3",
              "isHook": true,
              "skipped": false
            }
          ],
          "tests": [
            {
              "title": "Redirige a /signin al visitar /availableVehicles sin sesión",
              "fullTitle": "E2E: Guard - /availableVehicles requiere autenticación Redirige a /signin al visitar /availableVehicles sin sesión",
              "timedOut": false,
              "duration": 1654,
              "state": "passed",
              "speed": "slow",
              "pass": true,
              "fail": false,
              "pending": false,
              "context": null,
              "code": "await driver.get('http://localhost:5173/availableVehicles');\nawait waitForUrl(driver, '/signin');",
              "err": {},
              "uuid": "d99fe3e7-b777-480b-a0c3-8023da06db21",
              "parentUUID": "6909ac5a-ebf2-498a-b8b7-8a3a787296d3",
              "isHook": false,
              "skipped": false
            }
          ],
          "suites": [],
          "passes": [
            "d99fe3e7-b777-480b-a0c3-8023da06db21"
          ],
          "failures": [],
          "pending": [],
          "skipped": [],
          "duration": 1654,
          "root": false,
          "rootEmpty": false,
          "_timeout": 120000
        },
        {
          "uuid": "17e9fce4-067e-4c2c-846c-4ead5fe0f743",
          "title": "E2E: Vendor Signin - elementos",
          "fullFile": "C:\\Users\\Usuario\\Downloads\\Alquiler_Autos1\\e2e\\tests\\12_vendor_signin_page.test.js",
          "file": "\\e2e\\tests\\12_vendor_signin_page.test.js",
          "beforeHooks": [
            {
              "title": "\"before all\" hook in \"E2E: Vendor Signin - elementos\"",
              "fullTitle": "E2E: Vendor Signin - elementos \"before all\" hook in \"E2E: Vendor Signin - elementos\"",
              "timedOut": false,
              "duration": 606,
              "state": null,
              "speed": null,
              "pass": false,
              "fail": false,
              "pending": false,
              "context": null,
              "code": "driver = await buildDriver(true);",
              "err": {},
              "uuid": "86c8c025-67d6-4f4b-bdb6-328a4ce33623",
              "parentUUID": "17e9fce4-067e-4c2c-846c-4ead5fe0f743",
              "isHook": true,
              "skipped": false
            }
          ],
          "afterHooks": [
            {
              "title": "\"after all\" hook in \"E2E: Vendor Signin - elementos\"",
              "fullTitle": "E2E: Vendor Signin - elementos \"after all\" hook in \"E2E: Vendor Signin - elementos\"",
              "timedOut": false,
              "duration": 67,
              "state": null,
              "speed": null,
              "pass": false,
              "fail": false,
              "pending": false,
              "context": null,
              "code": "if (driver) await driver.quit();",
              "err": {},
              "uuid": "2750253a-012e-495c-8c92-a2171f46ddd0",
              "parentUUID": "17e9fce4-067e-4c2c-846c-4ead5fe0f743",
              "isHook": true,
              "skipped": false
            }
          ],
          "tests": [
            {
              "title": "Carga /vendorSignin y muestra inputs email y password",
              "fullTitle": "E2E: Vendor Signin - elementos Carga /vendorSignin y muestra inputs email y password",
              "timedOut": false,
              "duration": 1717,
              "state": "passed",
              "speed": "slow",
              "pass": true,
              "fail": false,
              "pending": false,
              "context": null,
              "code": "await driver.get(`${BASE}/vendorSignin`);\nconst email = await waitForVisible(driver, By.id('email'));\nconst password = await waitForVisible(driver, By.id('password'));\nexpect(await email.isDisplayed()).to.equal(true);\nexpect(await password.isDisplayed()).to.equal(true);",
              "err": {},
              "uuid": "5d15785d-c9fa-41b6-8dc7-7241645c6c06",
              "parentUUID": "17e9fce4-067e-4c2c-846c-4ead5fe0f743",
              "isHook": false,
              "skipped": false
            }
          ],
          "suites": [],
          "passes": [
            "5d15785d-c9fa-41b6-8dc7-7241645c6c06"
          ],
          "failures": [],
          "pending": [],
          "skipped": [],
          "duration": 1717,
          "root": false,
          "rootEmpty": false,
          "_timeout": 120000
        },
        {
          "uuid": "2a2e8797-c978-4066-8fbe-a4073e8e456b",
          "title": "API E2E: Auth validation",
          "fullFile": "C:\\Users\\Usuario\\Downloads\\Alquiler_Autos1\\e2e\\tests\\13_api_auth_validation.test.js",
          "file": "\\e2e\\tests\\13_api_auth_validation.test.js",
          "beforeHooks": [],
          "afterHooks": [],
          "tests": [
            {
              "title": "POST /api/auth/signin sin body -> 400",
              "fullTitle": "API E2E: Auth validation POST /api/auth/signin sin body -> 400",
              "timedOut": false,
              "duration": 28,
              "state": "passed",
              "speed": "fast",
              "pass": true,
              "fail": false,
              "pending": false,
              "context": null,
              "code": "const res = await request(BASE_API)\n  .post('/api/auth/signin')\n  .send({});\nexpect(res.status).to.equal(400);\nconst msg = (res.body && (res.body.message || res.body.error)) || '';\nexpect(msg.toLowerCase()).to.match(/email|password|required/);",
              "err": {},
              "uuid": "fb194d09-0a45-40f0-8d29-607de6524563",
              "parentUUID": "2a2e8797-c978-4066-8fbe-a4073e8e456b",
              "isHook": false,
              "skipped": false
            },
            {
              "title": "POST /api/auth/refreshToken sin Authorization -> 403",
              "fullTitle": "API E2E: Auth validation POST /api/auth/refreshToken sin Authorization -> 403",
              "timedOut": false,
              "duration": 7,
              "state": "passed",
              "speed": "fast",
              "pass": true,
              "fail": false,
              "pending": false,
              "context": null,
              "code": "const res = await request(BASE_API)\n  .post('/api/auth/refreshToken');\nexpect(res.status).to.equal(403);",
              "err": {},
              "uuid": "8bc96a9b-e61c-4f9b-a909-4645cba5720e",
              "parentUUID": "2a2e8797-c978-4066-8fbe-a4073e8e456b",
              "isHook": false,
              "skipped": false
            }
          ],
          "suites": [],
          "passes": [
            "fb194d09-0a45-40f0-8d29-607de6524563",
            "8bc96a9b-e61c-4f9b-a909-4645cba5720e"
          ],
          "failures": [],
          "pending": [],
          "skipped": [],
          "duration": 35,
          "root": false,
          "rootEmpty": false,
          "_timeout": 20000
        },
        {
          "uuid": "f8f6b0bd-41bc-4dda-9dcf-96f5a7501949",
          "title": "API E2E: User route guards (sin token)",
          "fullFile": "C:\\Users\\Usuario\\Downloads\\Alquiler_Autos1\\e2e\\tests\\14_api_user_guards.test.js",
          "file": "\\e2e\\tests\\14_api_user_guards.test.js",
          "beforeHooks": [],
          "afterHooks": [],
          "tests": [
            {
              "title": "DELETE /api/user/delete/:id -> 401/403",
              "fullTitle": "API E2E: User route guards (sin token) DELETE /api/user/delete/:id -> 401/403",
              "timedOut": false,
              "duration": 18,
              "state": "passed",
              "speed": "fast",
              "pass": true,
              "fail": false,
              "pending": false,
              "context": null,
              "code": "const res = await request(BASE_API)\n  .delete('/api/user/delete/64b9f6b7e0f0000000000000');\nexpect([401, 403]).to.include(res.status);",
              "err": {},
              "uuid": "a45abb5f-98e1-4ee3-8057-55c736d86bce",
              "parentUUID": "f8f6b0bd-41bc-4dda-9dcf-96f5a7501949",
              "isHook": false,
              "skipped": false
            },
            {
              "title": "POST /api/user/razorpay -> 401/403",
              "fullTitle": "API E2E: User route guards (sin token) POST /api/user/razorpay -> 401/403",
              "timedOut": false,
              "duration": 6,
              "state": "passed",
              "speed": "fast",
              "pass": true,
              "fail": false,
              "pending": false,
              "context": null,
              "code": "const res = await request(BASE_API)\n  .post('/api/user/razorpay')\n  .send({ amount: 1000, currency: 'INR' });\nexpect([401, 403]).to.include(res.status);",
              "err": {},
              "uuid": "0e9e23c9-478b-4d27-8f22-a89cf89d6b71",
              "parentUUID": "f8f6b0bd-41bc-4dda-9dcf-96f5a7501949",
              "isHook": false,
              "skipped": false
            }
          ],
          "suites": [],
          "passes": [
            "a45abb5f-98e1-4ee3-8057-55c736d86bce",
            "0e9e23c9-478b-4d27-8f22-a89cf89d6b71"
          ],
          "failures": [],
          "pending": [],
          "skipped": [],
          "duration": 24,
          "root": false,
          "rootEmpty": false,
          "_timeout": 20000
        },
        {
          "uuid": "fde92734-4b6b-4592-b014-4e9de0f5d67d",
          "title": "API E2E: Public endpoints",
          "fullFile": "C:\\Users\\Usuario\\Downloads\\Alquiler_Autos1\\e2e\\tests\\15_api_public_endpoints.test.js",
          "file": "\\e2e\\tests\\15_api_public_endpoints.test.js",
          "beforeHooks": [],
          "afterHooks": [],
          "tests": [
            {
              "title": "GET /api/user/listAllVehicles -> 200 y arreglo",
              "fullTitle": "API E2E: Public endpoints GET /api/user/listAllVehicles -> 200 y arreglo",
              "timedOut": false,
              "duration": 13,
              "state": "passed",
              "speed": "fast",
              "pass": true,
              "fail": false,
              "pending": false,
              "context": null,
              "code": "const res = await request(BASE_API)\n  .get('/api/user/listAllVehicles');\nexpect([200, 204]).to.include(res.status);\nif (res.status === 200) {\n  expect(res.body).to.be.an('array');\n}",
              "err": {},
              "uuid": "5bdafaf8-b2c8-4d5a-8d65-8ff0f587b3a7",
              "parentUUID": "fde92734-4b6b-4592-b014-4e9de0f5d67d",
              "isHook": false,
              "skipped": false
            }
          ],
          "suites": [],
          "passes": [
            "5bdafaf8-b2c8-4d5a-8d65-8ff0f587b3a7"
          ],
          "failures": [],
          "pending": [],
          "skipped": [],
          "duration": 13,
          "root": false,
          "rootEmpty": false,
          "_timeout": 20000
        }
      ],
      "passes": [],
      "failures": [],
      "pending": [],
      "skipped": [],
      "duration": 0,
      "root": true,
      "rootEmpty": true,
      "_timeout": 120000
    }
  ],
  "meta": {
    "mocha": {
      "version": "11.7.4"
    },
    "mochawesome": {
      "options": {
        "quiet": false,
        "reportFilename": "mochawesome",
        "saveHtml": true,
        "saveJson": true,
        "consoleReporter": "spec",
        "useInlineDiffs": false,
        "code": true
      },
      "version": "7.1.4"
    },
    "marge": {
      "options": null,
      "version": "6.3.0"
    }
  }
}