{
  "stats": {
    "suites": 12,
    "tests": 18,
    "passes": 14,
    "pending": 0,
    "failures": 4,
    "start": "2025-10-29T20:16:42.240Z",
    "end": "2025-10-29T20:18:46.713Z",
    "duration": 124473,
    "testsRegistered": 18,
    "passPercent": 77.77777777777779,
    "pendingPercent": 0,
    "other": 0,
    "hasOther": false,
    "skipped": 0,
    "hasSkipped": false
  },
  "results": [
    {
      "uuid": "31737dfb-bffb-4f75-8480-d2910b4ac3dc",
      "title": "",
      "fullFile": "",
      "file": "",
      "beforeHooks": [],
      "afterHooks": [],
      "tests": [],
      "suites": [
        {
          "uuid": "b7149a56-8067-4fe2-863f-a1a36c039c91",
          "title": "E2E: Autenticación",
          "fullFile": "C:\\Users\\Usuario\\Downloads\\Alquiler_Autos1\\e2e\\tests\\01_auth.test.js",
          "file": "\\e2e\\tests\\01_auth.test.js",
          "beforeHooks": [
            {
              "title": "\"before all\" hook in \"E2E: Autenticación\"",
              "fullTitle": "E2E: Autenticación \"before all\" hook in \"E2E: Autenticación\"",
              "timedOut": false,
              "duration": 1852,
              "state": null,
              "speed": null,
              "pass": false,
              "fail": false,
              "pending": false,
              "context": null,
              "code": "driver = await buildDriver(true);",
              "err": {},
              "uuid": "f9922d0b-9c32-4b1b-866b-0611206e2b85",
              "parentUUID": "b7149a56-8067-4fe2-863f-a1a36c039c91",
              "isHook": true,
              "skipped": false
            }
          ],
          "afterHooks": [
            {
              "title": "\"after all\" hook in \"E2E: Autenticación\"",
              "fullTitle": "E2E: Autenticación \"after all\" hook in \"E2E: Autenticación\"",
              "timedOut": false,
              "duration": 147,
              "state": null,
              "speed": null,
              "pass": false,
              "fail": false,
              "pending": false,
              "context": null,
              "code": "if (driver) {\n  await driver.quit();\n}",
              "err": {},
              "uuid": "fb4db6f1-45fb-4e7b-9331-4151381390ea",
              "parentUUID": "b7149a56-8067-4fe2-863f-a1a36c039c91",
              "isHook": true,
              "skipped": false
            }
          ],
          "tests": [
            {
              "title": "Registra usuario si no existe y luego inicia sesión",
              "fullTitle": "E2E: Autenticación Registra usuario si no existe y luego inicia sesión",
              "timedOut": false,
              "duration": 15720,
              "state": "failed",
              "speed": null,
              "pass": false,
              "fail": true,
              "pending": false,
              "context": null,
              "code": "// Intentar registro\nawait driver.get(`${BASE}/signup`);\nawait typeById(driver, 'username', user.username);\nawait typeById(driver, 'email', user.email);\nawait typeById(driver, 'password', user.password);\nawait typeById(driver, 'confirmPassword', user.password);\n// enviar formulario\nawait clickByCss(driver, 'form button');\n// navegar a signin directamente (registro puede existir ya)\nawait driver.get(`${BASE}/signin`);\nawait typeById(driver, 'email', user.email);\nawait typeById(driver, 'password', user.password);\nawait clickByCss(driver, 'form button');\n// esperar navegación al home\nawait waitForUrl(driver, '/');\n// assert: aparece sección de reserva\nconst h2Text = await getText(driver, 'section#booking-section h2');\nexpect(h2Text.toLowerCase()).to.include('reservar');\nawait screenshot(driver, './e2e/.artifacts/auth.png');",
              "err": {
                "message": "TimeoutError: Waiting for element to be located By(css selector, section#booking-section h2)\nWait timed out after 10043ms",
                "estack": "TimeoutError: Waiting for element to be located By(css selector, section#booking-section h2)\nWait timed out after 10043ms\n    at C:\\Users\\Usuario\\Downloads\\Alquiler_Autos1\\node_modules\\selenium-webdriver\\lib\\webdriver.js:929:22\n    at process.processTicksAndRejections (node:internal/process/task_queues:105:5)",
                "diff": null
              },
              "uuid": "641d52e5-cd80-462e-855d-b31c4fdfcdbe",
              "parentUUID": "b7149a56-8067-4fe2-863f-a1a36c039c91",
              "isHook": false,
              "skipped": false
            }
          ],
          "suites": [],
          "passes": [],
          "failures": [
            "641d52e5-cd80-462e-855d-b31c4fdfcdbe"
          ],
          "pending": [],
          "skipped": [],
          "duration": 15720,
          "root": false,
          "rootEmpty": false,
          "_timeout": 120000
        },
        {
          "uuid": "7aa570f0-2001-4acf-8977-ce97ff3994ff",
          "title": "E2E: Buscar vehículo",
          "fullFile": "C:\\Users\\Usuario\\Downloads\\Alquiler_Autos1\\e2e\\tests\\02_search.test.js",
          "file": "\\e2e\\tests\\02_search.test.js",
          "beforeHooks": [
            {
              "title": "\"before all\" hook in \"E2E: Buscar vehículo\"",
              "fullTitle": "E2E: Buscar vehículo \"before all\" hook in \"E2E: Buscar vehículo\"",
              "timedOut": false,
              "duration": 1085,
              "state": null,
              "speed": null,
              "pass": false,
              "fail": false,
              "pending": false,
              "context": null,
              "code": "driver = await buildDriver(true);",
              "err": {},
              "uuid": "913bdd82-d17f-425e-b8ad-63f7356826bd",
              "parentUUID": "7aa570f0-2001-4acf-8977-ce97ff3994ff",
              "isHook": true,
              "skipped": false
            }
          ],
          "afterHooks": [
            {
              "title": "\"after all\" hook in \"E2E: Buscar vehículo\"",
              "fullTitle": "E2E: Buscar vehículo \"after all\" hook in \"E2E: Buscar vehículo\"",
              "timedOut": false,
              "duration": 131,
              "state": null,
              "speed": null,
              "pass": false,
              "fail": false,
              "pending": false,
              "context": null,
              "code": "if (driver) await driver.quit();",
              "err": {},
              "uuid": "5f743a7e-288c-441c-8357-5ea8b371a752",
              "parentUUID": "7aa570f0-2001-4acf-8977-ce97ff3994ff",
              "isHook": true,
              "skipped": false
            }
          ],
          "tests": [
            {
              "title": "Completa campos y envía búsqueda",
              "fullTitle": "E2E: Buscar vehículo Completa campos y envía búsqueda",
              "timedOut": false,
              "duration": 22577,
              "state": "failed",
              "speed": null,
              "pass": false,
              "fail": true,
              "pending": false,
              "context": null,
              "code": "await driver.get(`${BASE}/`);\n// Rellenar campos de texto\nawait typeById(driver, 'pickup_district', 'Madrid');\nawait typeById(driver, 'pickup_location', 'Centro : Puerta del Sol');\nawait typeById(driver, 'dropoff_location', 'Retiro : Parque del Retiro');\n// Intentar escribir en los DateTimePickers por placeholder\nconst pickupInput = await driver.findElement(By.css('input[placeholder=\"Hora de recogida\"]'));\nawait pickupInput.clear();\nawait pickupInput.sendKeys('2025-01-01 10:00');\nconst dropInput = await driver.findElement(By.css('input[placeholder=\"Hora de devolución\"]'));\nawait dropInput.clear();\nawait dropInput.sendKeys('2025-01-02 10:00');\n// Enviar búsqueda\nawait clickByCss(driver, 'button.book-content__box_button');\n// La app navega a /availableVehicles tras búsqueda válida\nawait waitForUrl(driver, '/availableVehicles');\n// Verificar que la página de resultados cargó (encabezado o tarjetas)\nconst heading = await getText(driver, 'h1, h2, h3');\nexpect(heading).to.be.a('string');\nawait screenshot(driver, './e2e/.artifacts/search.png');",
              "err": {
                "message": "TimeoutError: Waiting for element to be located By(css selector, *[id=\"pickup_district\"])\nWait timed out after 10107ms",
                "estack": "TimeoutError: Waiting for element to be located By(css selector, *[id=\"pickup_district\"])\nWait timed out after 10107ms\n    at C:\\Users\\Usuario\\Downloads\\Alquiler_Autos1\\node_modules\\selenium-webdriver\\lib\\webdriver.js:929:22\n    at process.processTicksAndRejections (node:internal/process/task_queues:105:5)",
                "diff": null
              },
              "uuid": "26ab5e77-b598-4d42-ad24-ab3d2195b61d",
              "parentUUID": "7aa570f0-2001-4acf-8977-ce97ff3994ff",
              "isHook": false,
              "skipped": false
            }
          ],
          "suites": [],
          "passes": [],
          "failures": [
            "26ab5e77-b598-4d42-ad24-ab3d2195b61d"
          ],
          "pending": [],
          "skipped": [],
          "duration": 22577,
          "root": false,
          "rootEmpty": false,
          "_timeout": 120000
        },
        {
          "uuid": "621e7928-9c7c-4bf9-9521-1a3dcdc67306",
          "title": "E2E: Reservar vehículo",
          "fullFile": "C:\\Users\\Usuario\\Downloads\\Alquiler_Autos1\\e2e\\tests\\03_reservation.test.js",
          "file": "\\e2e\\tests\\03_reservation.test.js",
          "beforeHooks": [
            {
              "title": "\"before all\" hook in \"E2E: Reservar vehículo\"",
              "fullTitle": "E2E: Reservar vehículo \"before all\" hook in \"E2E: Reservar vehículo\"",
              "timedOut": false,
              "duration": 822,
              "state": null,
              "speed": null,
              "pass": false,
              "fail": false,
              "pending": false,
              "context": null,
              "code": "driver = await buildDriver(true);",
              "err": {},
              "uuid": "6d1f4585-7fc2-4f12-a73c-86e33fc00d3e",
              "parentUUID": "621e7928-9c7c-4bf9-9521-1a3dcdc67306",
              "isHook": true,
              "skipped": false
            }
          ],
          "afterHooks": [
            {
              "title": "\"after all\" hook in \"E2E: Reservar vehículo\"",
              "fullTitle": "E2E: Reservar vehículo \"after all\" hook in \"E2E: Reservar vehículo\"",
              "timedOut": false,
              "duration": 142,
              "state": null,
              "speed": null,
              "pass": false,
              "fail": false,
              "pending": false,
              "context": null,
              "code": "if (driver) await driver.quit();",
              "err": {},
              "uuid": "ffb7b363-a284-4c62-ac14-8da981b96c60",
              "parentUUID": "621e7928-9c7c-4bf9-9521-1a3dcdc67306",
              "isHook": true,
              "skipped": false
            }
          ],
          "tests": [
            {
              "title": "Navega a vehículos, elige uno y llega a Checkout",
              "fullTitle": "E2E: Reservar vehículo Navega a vehículos, elige uno y llega a Checkout",
              "timedOut": false,
              "duration": 18345,
              "state": "failed",
              "speed": null,
              "pass": false,
              "fail": true,
              "pending": false,
              "context": null,
              "code": "await driver.get(`${BASE}/vehicles`);\n// Esperar que aparezca el botón \"Reservar Auto\" y hacer click\nawait clickByCss(driver, 'button'); // primer botón en la tarjeta\n// muchas tarjetas tienen dos botones; asegurarnos de llegar a checkout\nawait waitForUrl(driver, '/checkoutPage');\nconst title = await getText(driver, 'h1');\nexpect(title).to.include('Resumen del Pedido');\nawait screenshot(driver, './e2e/.artifacts/checkout.png');",
              "err": {
                "message": "TimeoutError: Wait timed out after 15080ms",
                "estack": "TimeoutError: Wait timed out after 15080ms\n    at C:\\Users\\Usuario\\Downloads\\Alquiler_Autos1\\node_modules\\selenium-webdriver\\lib\\webdriver.js:929:22\n    at process.processTicksAndRejections (node:internal/process/task_queues:105:5)",
                "diff": null
              },
              "uuid": "2260f2cb-faf1-47d3-9453-c458c8d3ef82",
              "parentUUID": "621e7928-9c7c-4bf9-9521-1a3dcdc67306",
              "isHook": false,
              "skipped": false
            }
          ],
          "suites": [],
          "passes": [],
          "failures": [
            "2260f2cb-faf1-47d3-9453-c458c8d3ef82"
          ],
          "pending": [],
          "skipped": [],
          "duration": 18345,
          "root": false,
          "rootEmpty": false,
          "_timeout": 120000
        },
        {
          "uuid": "1a07c23d-3bb4-4e7f-8cef-4c2885f6273c",
          "title": "E2E: Home navegación básica",
          "fullFile": "C:\\Users\\Usuario\\Downloads\\Alquiler_Autos1\\e2e\\tests\\04_home_navigation.test.js",
          "file": "\\e2e\\tests\\04_home_navigation.test.js",
          "beforeHooks": [
            {
              "title": "\"before all\" hook in \"E2E: Home navegación básica\"",
              "fullTitle": "E2E: Home navegación básica \"before all\" hook in \"E2E: Home navegación básica\"",
              "timedOut": false,
              "duration": 800,
              "state": null,
              "speed": null,
              "pass": false,
              "fail": false,
              "pending": false,
              "context": null,
              "code": "driver = await buildDriver(true);",
              "err": {},
              "uuid": "825cefc8-0baf-4c6b-bb2a-db1ae1443b0d",
              "parentUUID": "1a07c23d-3bb4-4e7f-8cef-4c2885f6273c",
              "isHook": true,
              "skipped": false
            }
          ],
          "afterHooks": [
            {
              "title": "\"after all\" hook in \"E2E: Home navegación básica\"",
              "fullTitle": "E2E: Home navegación básica \"after all\" hook in \"E2E: Home navegación básica\"",
              "timedOut": false,
              "duration": 138,
              "state": null,
              "speed": null,
              "pass": false,
              "fail": false,
              "pending": false,
              "context": null,
              "code": "if (driver) await driver.quit();",
              "err": {},
              "uuid": "1acb0f1b-1140-4db7-9c24-f2db94300081",
              "parentUUID": "1a07c23d-3bb4-4e7f-8cef-4c2885f6273c",
              "isHook": true,
              "skipped": false
            }
          ],
          "tests": [
            {
              "title": "Carga Home y navega a /vehicles",
              "fullTitle": "E2E: Home navegación básica Carga Home y navega a /vehicles",
              "timedOut": false,
              "duration": 19871,
              "state": "failed",
              "speed": null,
              "pass": false,
              "fail": true,
              "pending": false,
              "context": null,
              "code": "await driver.get(`${BASE}/`);\n// Botón \"Ver Vehículos Disponibles\" navega a /vehicles\nawait clickByCss(driver, 'button');\nawait waitForUrl(driver, '/vehicles');\nconst anyHeading = await getText(driver, 'h1, h2, h3');\nexpect(anyHeading).to.be.a('string');\nawait screenshot(driver, './e2e/.artifacts/home_nav.png');",
              "err": {
                "message": "TimeoutError: Wait timed out after 15078ms",
                "estack": "TimeoutError: Wait timed out after 15078ms\n    at C:\\Users\\Usuario\\Downloads\\Alquiler_Autos1\\node_modules\\selenium-webdriver\\lib\\webdriver.js:929:22\n    at process.processTicksAndRejections (node:internal/process/task_queues:105:5)",
                "diff": null
              },
              "uuid": "24ecf8ab-5c71-4e77-be3c-a152bdef1396",
              "parentUUID": "1a07c23d-3bb4-4e7f-8cef-4c2885f6273c",
              "isHook": false,
              "skipped": false
            }
          ],
          "suites": [],
          "passes": [],
          "failures": [
            "24ecf8ab-5c71-4e77-be3c-a152bdef1396"
          ],
          "pending": [],
          "skipped": [],
          "duration": 19871,
          "root": false,
          "rootEmpty": false,
          "_timeout": 120000
        },
        {
          "uuid": "4a93b33b-14c5-4118-8a80-c902bd30501e",
          "title": "E2E: SignIn - elementos y navegación",
          "fullFile": "C:\\Users\\Usuario\\Downloads\\Alquiler_Autos1\\e2e\\tests\\05_signin_page.test.js",
          "file": "\\e2e\\tests\\05_signin_page.test.js",
          "beforeHooks": [
            {
              "title": "\"before all\" hook in \"E2E: SignIn - elementos y navegación\"",
              "fullTitle": "E2E: SignIn - elementos y navegación \"before all\" hook in \"E2E: SignIn - elementos y navegación\"",
              "timedOut": false,
              "duration": 807,
              "state": null,
              "speed": null,
              "pass": false,
              "fail": false,
              "pending": false,
              "context": null,
              "code": "driver = await buildDriver(true);",
              "err": {},
              "uuid": "4ced97b9-fb13-423a-ae33-e2f538fe6b1f",
              "parentUUID": "4a93b33b-14c5-4118-8a80-c902bd30501e",
              "isHook": true,
              "skipped": false
            }
          ],
          "afterHooks": [
            {
              "title": "\"after all\" hook in \"E2E: SignIn - elementos y navegación\"",
              "fullTitle": "E2E: SignIn - elementos y navegación \"after all\" hook in \"E2E: SignIn - elementos y navegación\"",
              "timedOut": false,
              "duration": 137,
              "state": null,
              "speed": null,
              "pass": false,
              "fail": false,
              "pending": false,
              "context": null,
              "code": "if (driver) await driver.quit();",
              "err": {},
              "uuid": "0d80d976-f299-4383-a7c5-3e2f0e8b0a6d",
              "parentUUID": "4a93b33b-14c5-4118-8a80-c902bd30501e",
              "isHook": true,
              "skipped": false
            }
          ],
          "tests": [
            {
              "title": "Carga /signin y muestra inputs email y password",
              "fullTitle": "E2E: SignIn - elementos y navegación Carga /signin y muestra inputs email y password",
              "timedOut": false,
              "duration": 3206,
              "state": "passed",
              "speed": "slow",
              "pass": true,
              "fail": false,
              "pending": false,
              "context": null,
              "code": "await driver.get(`${BASE}/signin`);\nconst email = await waitForVisible(driver, By.id('email'));\nconst password = await waitForVisible(driver, By.id('password'));\nexpect(await email.isDisplayed()).to.equal(true);\nexpect(await password.isDisplayed()).to.equal(true);",
              "err": {},
              "uuid": "08096f32-27b6-454c-ab1f-0710a8e85af2",
              "parentUUID": "4a93b33b-14c5-4118-8a80-c902bd30501e",
              "isHook": false,
              "skipped": false
            },
            {
              "title": "Tiene link para ir a /signup",
              "fullTitle": "E2E: SignIn - elementos y navegación Tiene link para ir a /signup",
              "timedOut": false,
              "duration": 67,
              "state": "passed",
              "speed": "medium",
              "pass": true,
              "fail": false,
              "pending": false,
              "context": null,
              "code": "const signupLink = await waitForVisible(driver, By.linkText('Registrarse'));\nexpect(await signupLink.isDisplayed()).to.equal(true);",
              "err": {},
              "uuid": "adca6b8d-48ff-4f5d-86c4-41d018b1b3ba",
              "parentUUID": "4a93b33b-14c5-4118-8a80-c902bd30501e",
              "isHook": false,
              "skipped": false
            }
          ],
          "suites": [],
          "passes": [
            "08096f32-27b6-454c-ab1f-0710a8e85af2",
            "adca6b8d-48ff-4f5d-86c4-41d018b1b3ba"
          ],
          "failures": [],
          "pending": [],
          "skipped": [],
          "duration": 3273,
          "root": false,
          "rootEmpty": false,
          "_timeout": 120000
        },
        {
          "uuid": "fd9624b7-d055-43da-930d-f3cbb788e4f5",
          "title": "E2E: SignUp flujo básico",
          "fullFile": "C:\\Users\\Usuario\\Downloads\\Alquiler_Autos1\\e2e\\tests\\06_signup_flow.test.js",
          "file": "\\e2e\\tests\\06_signup_flow.test.js",
          "beforeHooks": [
            {
              "title": "\"before all\" hook in \"E2E: SignUp flujo básico\"",
              "fullTitle": "E2E: SignUp flujo básico \"before all\" hook in \"E2E: SignUp flujo básico\"",
              "timedOut": false,
              "duration": 788,
              "state": null,
              "speed": null,
              "pass": false,
              "fail": false,
              "pending": false,
              "context": null,
              "code": "driver = await buildDriver(true);",
              "err": {},
              "uuid": "e232b623-ab72-4a94-9f87-43492b7ce9b4",
              "parentUUID": "fd9624b7-d055-43da-930d-f3cbb788e4f5",
              "isHook": true,
              "skipped": false
            }
          ],
          "afterHooks": [
            {
              "title": "\"after all\" hook in \"E2E: SignUp flujo básico\"",
              "fullTitle": "E2E: SignUp flujo básico \"after all\" hook in \"E2E: SignUp flujo básico\"",
              "timedOut": false,
              "duration": 132,
              "state": null,
              "speed": null,
              "pass": false,
              "fail": false,
              "pending": false,
              "context": null,
              "code": "if (driver) await driver.quit();",
              "err": {},
              "uuid": "857568ea-9bdd-4e32-ac07-3fa1c30c228e",
              "parentUUID": "fd9624b7-d055-43da-930d-f3cbb788e4f5",
              "isHook": true,
              "skipped": false
            }
          ],
          "tests": [
            {
              "title": "Completa formulario y navega a /signin en éxito (o muestra error si ya existe)",
              "fullTitle": "E2E: SignUp flujo básico Completa formulario y navega a /signin en éxito (o muestra error si ya existe)",
              "timedOut": false,
              "duration": 10618,
              "state": "passed",
              "speed": "slow",
              "pass": true,
              "fail": false,
              "pending": false,
              "context": null,
              "code": "await driver.get(`${BASE}/signup`);\nawait typeById(driver, 'username', user.username);\nawait typeById(driver, 'email', user.email);\nawait typeById(driver, 'password', user.password);\nawait typeById(driver, 'confirmPassword', user.password);\nawait clickByCss(driver, 'form button');\n// En muchos casos, el usuario ya existe; intentamos navegar a /signin en éxito\ntry {\n  await waitForUrl(driver, '/signin', 8000);\n} catch (_) {\n  // Si no redirige, continúa sin fallo (usuario duplicado es aceptable para E2E)\n}\nawait screenshot(driver, './e2e/.artifacts/signup_flow.png');",
              "err": {},
              "uuid": "226871e5-60a4-4172-8f3e-1683beac9637",
              "parentUUID": "fd9624b7-d055-43da-930d-f3cbb788e4f5",
              "isHook": false,
              "skipped": false
            }
          ],
          "suites": [],
          "passes": [
            "226871e5-60a4-4172-8f3e-1683beac9637"
          ],
          "failures": [],
          "pending": [],
          "skipped": [],
          "duration": 10618,
          "root": false,
          "rootEmpty": false,
          "_timeout": 120000
        },
        {
          "uuid": "a72afa93-55d2-4846-8916-ec9cdf729b76",
          "title": "E2E: Guardas de ruta - usuario",
          "fullFile": "C:\\Users\\Usuario\\Downloads\\Alquiler_Autos1\\e2e\\tests\\07_route_guard_user_private.test.js",
          "file": "\\e2e\\tests\\07_route_guard_user_private.test.js",
          "beforeHooks": [
            {
              "title": "\"before all\" hook in \"E2E: Guardas de ruta - usuario\"",
              "fullTitle": "E2E: Guardas de ruta - usuario \"before all\" hook in \"E2E: Guardas de ruta - usuario\"",
              "timedOut": false,
              "duration": 835,
              "state": null,
              "speed": null,
              "pass": false,
              "fail": false,
              "pending": false,
              "context": null,
              "code": "driver = await buildDriver(true);",
              "err": {},
              "uuid": "605b8438-8c05-4ad5-8eea-605d2c64186e",
              "parentUUID": "a72afa93-55d2-4846-8916-ec9cdf729b76",
              "isHook": true,
              "skipped": false
            }
          ],
          "afterHooks": [
            {
              "title": "\"after all\" hook in \"E2E: Guardas de ruta - usuario\"",
              "fullTitle": "E2E: Guardas de ruta - usuario \"after all\" hook in \"E2E: Guardas de ruta - usuario\"",
              "timedOut": false,
              "duration": 110,
              "state": null,
              "speed": null,
              "pass": false,
              "fail": false,
              "pending": false,
              "context": null,
              "code": "if (driver) await driver.quit();",
              "err": {},
              "uuid": "93ee7886-5ae0-458a-a0c3-826f8ff509c8",
              "parentUUID": "a72afa93-55d2-4846-8916-ec9cdf729b76",
              "isHook": true,
              "skipped": false
            }
          ],
          "tests": [
            {
              "title": "Redirige a /signin si no autenticado al visitar /checkoutPage",
              "fullTitle": "E2E: Guardas de ruta - usuario Redirige a /signin si no autenticado al visitar /checkoutPage",
              "timedOut": false,
              "duration": 3625,
              "state": "passed",
              "speed": "slow",
              "pass": true,
              "fail": false,
              "pending": false,
              "context": null,
              "code": "await driver.get(`${BASE}/checkoutPage`);\nawait waitForUrl(driver, '/signin');",
              "err": {},
              "uuid": "80cd67d3-31b8-4dbf-991e-63b439f5fa0c",
              "parentUUID": "a72afa93-55d2-4846-8916-ec9cdf729b76",
              "isHook": false,
              "skipped": false
            },
            {
              "title": "Redirige a /signin si no autenticado al visitar /profile",
              "fullTitle": "E2E: Guardas de ruta - usuario Redirige a /signin si no autenticado al visitar /profile",
              "timedOut": false,
              "duration": 841,
              "state": "passed",
              "speed": "slow",
              "pass": true,
              "fail": false,
              "pending": false,
              "context": null,
              "code": "await driver.get(`${BASE}/profile`);\nawait waitForUrl(driver, '/signin');",
              "err": {},
              "uuid": "9b9dc2ef-0e63-4c15-93fa-9683bcafa4e6",
              "parentUUID": "a72afa93-55d2-4846-8916-ec9cdf729b76",
              "isHook": false,
              "skipped": false
            }
          ],
          "suites": [],
          "passes": [
            "80cd67d3-31b8-4dbf-991e-63b439f5fa0c",
            "9b9dc2ef-0e63-4c15-93fa-9683bcafa4e6"
          ],
          "failures": [],
          "pending": [],
          "skipped": [],
          "duration": 4466,
          "root": false,
          "rootEmpty": false,
          "_timeout": 120000
        },
        {
          "uuid": "a005f94c-9258-487d-b79f-4ae9e2d7e59a",
          "title": "E2E: Páginas públicas (Enterprise/Contact)",
          "fullFile": "C:\\Users\\Usuario\\Downloads\\Alquiler_Autos1\\e2e\\tests\\08_public_pages.test.js",
          "file": "\\e2e\\tests\\08_public_pages.test.js",
          "beforeHooks": [
            {
              "title": "\"before all\" hook in \"E2E: Páginas públicas (Enterprise/Contact)\"",
              "fullTitle": "E2E: Páginas públicas (Enterprise/Contact) \"before all\" hook in \"E2E: Páginas públicas (Enterprise/Contact)\"",
              "timedOut": false,
              "duration": 806,
              "state": null,
              "speed": null,
              "pass": false,
              "fail": false,
              "pending": false,
              "context": null,
              "code": "driver = await buildDriver(true);",
              "err": {},
              "uuid": "94a5b15d-cf3e-4cd9-b9a6-debc9e81ebf2",
              "parentUUID": "a005f94c-9258-487d-b79f-4ae9e2d7e59a",
              "isHook": true,
              "skipped": false
            }
          ],
          "afterHooks": [
            {
              "title": "\"after all\" hook in \"E2E: Páginas públicas (Enterprise/Contact)\"",
              "fullTitle": "E2E: Páginas públicas (Enterprise/Contact) \"after all\" hook in \"E2E: Páginas públicas (Enterprise/Contact)\"",
              "timedOut": false,
              "duration": 109,
              "state": null,
              "speed": null,
              "pass": false,
              "fail": false,
              "pending": false,
              "context": null,
              "code": "if (driver) await driver.quit();",
              "err": {},
              "uuid": "a17d646e-307b-408e-b54a-5808a4821a9e",
              "parentUUID": "a005f94c-9258-487d-b79f-4ae9e2d7e59a",
              "isHook": true,
              "skipped": false
            }
          ],
          "tests": [
            {
              "title": "Abre /enterprise y muestra el título",
              "fullTitle": "E2E: Páginas públicas (Enterprise/Contact) Abre /enterprise y muestra el título",
              "timedOut": false,
              "duration": 2373,
              "state": "passed",
              "speed": "slow",
              "pass": true,
              "fail": false,
              "pending": false,
              "context": null,
              "code": "await driver.get(`${BASE}/enterprise`);\nconst title = await getText(driver, 'h1');\nexpect(title).to.include('Lista tu vehículo');\nawait screenshot(driver, './e2e/.artifacts/enterprise.png');",
              "err": {},
              "uuid": "2821de49-f3e7-4325-af77-2c988de6a543",
              "parentUUID": "a005f94c-9258-487d-b79f-4ae9e2d7e59a",
              "isHook": false,
              "skipped": false
            },
            {
              "title": "Abre /contact y muestra contenido",
              "fullTitle": "E2E: Páginas públicas (Enterprise/Contact) Abre /contact y muestra contenido",
              "timedOut": false,
              "duration": 1701,
              "state": "passed",
              "speed": "slow",
              "pass": true,
              "fail": false,
              "pending": false,
              "context": null,
              "code": "await driver.get(`${BASE}/contact`);\nconst text = await getText(driver, 'div');\nexpect(text.toLowerCase()).to.include('contacto');\nawait screenshot(driver, './e2e/.artifacts/contact.png');",
              "err": {},
              "uuid": "0815735f-0a4c-4645-88fe-8ba903aa67bd",
              "parentUUID": "a005f94c-9258-487d-b79f-4ae9e2d7e59a",
              "isHook": false,
              "skipped": false
            }
          ],
          "suites": [],
          "passes": [
            "2821de49-f3e7-4325-af77-2c988de6a543",
            "0815735f-0a4c-4645-88fe-8ba903aa67bd"
          ],
          "failures": [],
          "pending": [],
          "skipped": [],
          "duration": 4074,
          "root": false,
          "rootEmpty": false,
          "_timeout": 120000
        },
        {
          "uuid": "a5baadd4-b01f-4034-a50f-6d8bad5415c5",
          "title": "E2E: Guardas Admin/Vendor y 404",
          "fullFile": "C:\\Users\\Usuario\\Downloads\\Alquiler_Autos1\\e2e\\tests\\09_admin_vendor_guards.test.js",
          "file": "\\e2e\\tests\\09_admin_vendor_guards.test.js",
          "beforeHooks": [
            {
              "title": "\"before all\" hook in \"E2E: Guardas Admin/Vendor y 404\"",
              "fullTitle": "E2E: Guardas Admin/Vendor y 404 \"before all\" hook in \"E2E: Guardas Admin/Vendor y 404\"",
              "timedOut": false,
              "duration": 955,
              "state": null,
              "speed": null,
              "pass": false,
              "fail": false,
              "pending": false,
              "context": null,
              "code": "driver = await buildDriver(true);",
              "err": {},
              "uuid": "7b08e405-1de6-41d0-9d3e-f9f8ca83cb79",
              "parentUUID": "a5baadd4-b01f-4034-a50f-6d8bad5415c5",
              "isHook": true,
              "skipped": false
            }
          ],
          "afterHooks": [
            {
              "title": "\"after all\" hook in \"E2E: Guardas Admin/Vendor y 404\"",
              "fullTitle": "E2E: Guardas Admin/Vendor y 404 \"after all\" hook in \"E2E: Guardas Admin/Vendor y 404\"",
              "timedOut": false,
              "duration": 125,
              "state": null,
              "speed": null,
              "pass": false,
              "fail": false,
              "pending": false,
              "context": null,
              "code": "if (driver) await driver.quit();",
              "err": {},
              "uuid": "2fa5a9d7-b8cd-46af-9bb3-3c1a178e6eab",
              "parentUUID": "a5baadd4-b01f-4034-a50f-6d8bad5415c5",
              "isHook": true,
              "skipped": false
            }
          ],
          "tests": [
            {
              "title": "Redirige a /signin cuando visita /adminDashboard sin autenticación",
              "fullTitle": "E2E: Guardas Admin/Vendor y 404 Redirige a /signin cuando visita /adminDashboard sin autenticación",
              "timedOut": false,
              "duration": 3127,
              "state": "passed",
              "speed": "slow",
              "pass": true,
              "fail": false,
              "pending": false,
              "context": null,
              "code": "await driver.get(`${BASE}/adminDashboard`);\nawait waitForUrl(driver, '/signin');",
              "err": {},
              "uuid": "589dfc2b-18b5-4d60-924b-389e5294c144",
              "parentUUID": "a5baadd4-b01f-4034-a50f-6d8bad5415c5",
              "isHook": false,
              "skipped": false
            },
            {
              "title": "Redirige a /vendorSignin cuando visita /vendorDashboard sin autenticación",
              "fullTitle": "E2E: Guardas Admin/Vendor y 404 Redirige a /vendorSignin cuando visita /vendorDashboard sin autenticación",
              "timedOut": false,
              "duration": 809,
              "state": "passed",
              "speed": "slow",
              "pass": true,
              "fail": false,
              "pending": false,
              "context": null,
              "code": "await driver.get(`${BASE}/vendorDashboard`);\nawait waitForUrl(driver, '/vendorSignin');",
              "err": {},
              "uuid": "4ed2f198-1175-4217-82b1-ae9cfa1bda9c",
              "parentUUID": "a5baadd4-b01f-4034-a50f-6d8bad5415c5",
              "isHook": false,
              "skipped": false
            },
            {
              "title": "Desde /enterprise el enlace a vendorSignin está disponible",
              "fullTitle": "E2E: Guardas Admin/Vendor y 404 Desde /enterprise el enlace a vendorSignin está disponible",
              "timedOut": false,
              "duration": 788,
              "state": "passed",
              "speed": "slow",
              "pass": true,
              "fail": false,
              "pending": false,
              "context": null,
              "code": "await driver.get(`${BASE}/enterprise`);\nconst text = await getText(driver, 'a[href=\"/vendorSignin\"]');\nexpect(text.toLowerCase()).to.include('iniciar sesión como vendedor');",
              "err": {},
              "uuid": "4d979095-9a73-4909-a2c9-9a9fbcc86fb6",
              "parentUUID": "a5baadd4-b01f-4034-a50f-6d8bad5415c5",
              "isHook": false,
              "skipped": false
            },
            {
              "title": "Visitar una ruta inexistente muestra la página 404",
              "fullTitle": "E2E: Guardas Admin/Vendor y 404 Visitar una ruta inexistente muestra la página 404",
              "timedOut": false,
              "duration": 759,
              "state": "passed",
              "speed": "slow",
              "pass": true,
              "fail": false,
              "pending": false,
              "context": null,
              "code": "await driver.get(`${BASE}/ruta-que-no-existe-123`);\nconst heading = await getText(driver, 'h1');\nexpect(heading).to.match(/uh-oh!/i);\nawait screenshot(driver, './e2e/.artifacts/404.png');",
              "err": {},
              "uuid": "eea295b5-15b4-46ca-8e5e-ee67d733ec0e",
              "parentUUID": "a5baadd4-b01f-4034-a50f-6d8bad5415c5",
              "isHook": false,
              "skipped": false
            }
          ],
          "suites": [],
          "passes": [
            "589dfc2b-18b5-4d60-924b-389e5294c144",
            "4ed2f198-1175-4217-82b1-ae9cfa1bda9c",
            "4d979095-9a73-4909-a2c9-9a9fbcc86fb6",
            "eea295b5-15b4-46ca-8e5e-ee67d733ec0e"
          ],
          "failures": [],
          "pending": [],
          "skipped": [],
          "duration": 5483,
          "root": false,
          "rootEmpty": false,
          "_timeout": 120000
        },
        {
          "uuid": "7fba4858-9237-41db-8cf0-9cff791ea208",
          "title": "E2E: Enterprise -> Vendor Signin link",
          "fullFile": "C:\\Users\\Usuario\\Downloads\\Alquiler_Autos1\\e2e\\tests\\10_enterprise_vendor_link.test.js",
          "file": "\\e2e\\tests\\10_enterprise_vendor_link.test.js",
          "beforeHooks": [
            {
              "title": "\"before all\" hook in \"E2E: Enterprise -> Vendor Signin link\"",
              "fullTitle": "E2E: Enterprise -> Vendor Signin link \"before all\" hook in \"E2E: Enterprise -> Vendor Signin link\"",
              "timedOut": false,
              "duration": 775,
              "state": null,
              "speed": null,
              "pass": false,
              "fail": false,
              "pending": false,
              "context": null,
              "code": "driver = await buildDriver(true);",
              "err": {},
              "uuid": "d8ff914f-a2d0-41f2-8813-290a46bc6561",
              "parentUUID": "7fba4858-9237-41db-8cf0-9cff791ea208",
              "isHook": true,
              "skipped": false
            }
          ],
          "afterHooks": [
            {
              "title": "\"after all\" hook in \"E2E: Enterprise -> Vendor Signin link\"",
              "fullTitle": "E2E: Enterprise -> Vendor Signin link \"after all\" hook in \"E2E: Enterprise -> Vendor Signin link\"",
              "timedOut": false,
              "duration": 114,
              "state": null,
              "speed": null,
              "pass": false,
              "fail": false,
              "pending": false,
              "context": null,
              "code": "if (driver) await driver.quit();",
              "err": {},
              "uuid": "daee21e3-9e4a-4554-a7ab-7029ae45852a",
              "parentUUID": "7fba4858-9237-41db-8cf0-9cff791ea208",
              "isHook": true,
              "skipped": false
            }
          ],
          "tests": [
            {
              "title": "Hace click en el enlace de vendor y navega a /vendorSignin",
              "fullTitle": "E2E: Enterprise -> Vendor Signin link Hace click en el enlace de vendor y navega a /vendorSignin",
              "timedOut": false,
              "duration": 2293,
              "state": "passed",
              "speed": "slow",
              "pass": true,
              "fail": false,
              "pending": false,
              "context": null,
              "code": "await driver.get(`${BASE}/enterprise`);\nawait clickByCss(driver, 'a[href=\"/vendorSignin\"]');\nawait waitForUrl(driver, '/vendorSignin');\nconst heading = await getText(driver, 'h1');\nexpect(heading.toLowerCase()).to.include('iniciar sesión');\nawait screenshot(driver, './e2e/.artifacts/vendor_link.png');",
              "err": {},
              "uuid": "9231aba9-2c0f-4a44-bbdf-e72736d2231f",
              "parentUUID": "7fba4858-9237-41db-8cf0-9cff791ea208",
              "isHook": false,
              "skipped": false
            }
          ],
          "suites": [],
          "passes": [
            "9231aba9-2c0f-4a44-bbdf-e72736d2231f"
          ],
          "failures": [],
          "pending": [],
          "skipped": [],
          "duration": 2293,
          "root": false,
          "rootEmpty": false,
          "_timeout": 120000
        },
        {
          "uuid": "cb78fb0b-2f61-4052-a546-69e503a01bc0",
          "title": "E2E: Guard - /availableVehicles requiere autenticación",
          "fullFile": "C:\\Users\\Usuario\\Downloads\\Alquiler_Autos1\\e2e\\tests\\11_available_vehicles_guard.test.js",
          "file": "\\e2e\\tests\\11_available_vehicles_guard.test.js",
          "beforeHooks": [
            {
              "title": "\"before all\" hook in \"E2E: Guard - /availableVehicles requiere autenticación\"",
              "fullTitle": "E2E: Guard - /availableVehicles requiere autenticación \"before all\" hook in \"E2E: Guard - /availableVehicles requiere autenticación\"",
              "timedOut": false,
              "duration": 799,
              "state": null,
              "speed": null,
              "pass": false,
              "fail": false,
              "pending": false,
              "context": null,
              "code": "driver = await buildDriver(true);",
              "err": {},
              "uuid": "93270d74-a966-4c4d-99f5-57e842a81939",
              "parentUUID": "cb78fb0b-2f61-4052-a546-69e503a01bc0",
              "isHook": true,
              "skipped": false
            }
          ],
          "afterHooks": [
            {
              "title": "\"after all\" hook in \"E2E: Guard - /availableVehicles requiere autenticación\"",
              "fullTitle": "E2E: Guard - /availableVehicles requiere autenticación \"after all\" hook in \"E2E: Guard - /availableVehicles requiere autenticación\"",
              "timedOut": false,
              "duration": 125,
              "state": null,
              "speed": null,
              "pass": false,
              "fail": false,
              "pending": false,
              "context": null,
              "code": "if (driver) await driver.quit();",
              "err": {},
              "uuid": "158439db-4508-451f-8bb9-aec922a58e2b",
              "parentUUID": "cb78fb0b-2f61-4052-a546-69e503a01bc0",
              "isHook": true,
              "skipped": false
            }
          ],
          "tests": [
            {
              "title": "Redirige a /signin al visitar /availableVehicles sin sesión",
              "fullTitle": "E2E: Guard - /availableVehicles requiere autenticación Redirige a /signin al visitar /availableVehicles sin sesión",
              "timedOut": false,
              "duration": 1767,
              "state": "passed",
              "speed": "slow",
              "pass": true,
              "fail": false,
              "pending": false,
              "context": null,
              "code": "await driver.get('http://localhost:5173/availableVehicles');\nawait waitForUrl(driver, '/signin');",
              "err": {},
              "uuid": "41973c7e-f3f8-4287-8738-5f9df7f932af",
              "parentUUID": "cb78fb0b-2f61-4052-a546-69e503a01bc0",
              "isHook": false,
              "skipped": false
            }
          ],
          "suites": [],
          "passes": [
            "41973c7e-f3f8-4287-8738-5f9df7f932af"
          ],
          "failures": [],
          "pending": [],
          "skipped": [],
          "duration": 1767,
          "root": false,
          "rootEmpty": false,
          "_timeout": 120000
        },
        {
          "uuid": "a61d5156-4d99-4880-848d-037c788713c1",
          "title": "E2E: Vendor Signin - elementos",
          "fullFile": "C:\\Users\\Usuario\\Downloads\\Alquiler_Autos1\\e2e\\tests\\12_vendor_signin_page.test.js",
          "file": "\\e2e\\tests\\12_vendor_signin_page.test.js",
          "beforeHooks": [
            {
              "title": "\"before all\" hook in \"E2E: Vendor Signin - elementos\"",
              "fullTitle": "E2E: Vendor Signin - elementos \"before all\" hook in \"E2E: Vendor Signin - elementos\"",
              "timedOut": false,
              "duration": 794,
              "state": null,
              "speed": null,
              "pass": false,
              "fail": false,
              "pending": false,
              "context": null,
              "code": "driver = await buildDriver(true);",
              "err": {},
              "uuid": "f7d66ca7-4f6c-4f4e-9f14-f03e34a2d57a",
              "parentUUID": "a61d5156-4d99-4880-848d-037c788713c1",
              "isHook": true,
              "skipped": false
            }
          ],
          "afterHooks": [
            {
              "title": "\"after all\" hook in \"E2E: Vendor Signin - elementos\"",
              "fullTitle": "E2E: Vendor Signin - elementos \"after all\" hook in \"E2E: Vendor Signin - elementos\"",
              "timedOut": false,
              "duration": 116,
              "state": null,
              "speed": null,
              "pass": false,
              "fail": false,
              "pending": false,
              "context": null,
              "code": "if (driver) await driver.quit();",
              "err": {},
              "uuid": "88b8037e-85df-4f12-bc03-df7553d339e6",
              "parentUUID": "a61d5156-4d99-4880-848d-037c788713c1",
              "isHook": true,
              "skipped": false
            }
          ],
          "tests": [
            {
              "title": "Carga /vendorSignin y muestra inputs email y password",
              "fullTitle": "E2E: Vendor Signin - elementos Carga /vendorSignin y muestra inputs email y password",
              "timedOut": false,
              "duration": 3296,
              "state": "passed",
              "speed": "slow",
              "pass": true,
              "fail": false,
              "pending": false,
              "context": null,
              "code": "await driver.get(`${BASE}/vendorSignin`);\nconst email = await waitForVisible(driver, By.id('email'));\nconst password = await waitForVisible(driver, By.id('password'));\nexpect(await email.isDisplayed()).to.equal(true);\nexpect(await password.isDisplayed()).to.equal(true);",
              "err": {},
              "uuid": "c1faa3e3-9bfd-4ea0-8cfa-63ee4c98e49e",
              "parentUUID": "a61d5156-4d99-4880-848d-037c788713c1",
              "isHook": false,
              "skipped": false
            }
          ],
          "suites": [],
          "passes": [
            "c1faa3e3-9bfd-4ea0-8cfa-63ee4c98e49e"
          ],
          "failures": [],
          "pending": [],
          "skipped": [],
          "duration": 3296,
          "root": false,
          "rootEmpty": false,
          "_timeout": 120000
        }
      ],
      "passes": [],
      "failures": [],
      "pending": [],
      "skipped": [],
      "duration": 0,
      "root": true,
      "rootEmpty": true,
      "_timeout": 120000
    }
  ],
  "meta": {
    "mocha": {
      "version": "11.7.4"
    },
    "mochawesome": {
      "options": {
        "quiet": false,
        "reportFilename": "mochawesome",
        "saveHtml": true,
        "saveJson": true,
        "consoleReporter": "spec",
        "useInlineDiffs": false,
        "code": true
      },
      "version": "7.1.4"
    },
    "marge": {
      "options": null,
      "version": "6.3.0"
    }
  }
}